<?xml version="1.0" encoding="UTF-8"?>
<!-- Generated by org.testng.reporters.JUnitXMLReporter -->
<testsuite ignored="0" hostname="ip-172-31-8-140" failures="0" tests="1" name="Command line test" time="0.515" errors="0" timestamp="2021-04-20T09:18:56 UTC">
  <testcase classname="testing.TestNGBasics" name="@BeforeTest setUp" time="0.494">
    <failure type="software.amazon.awssdk.core.exception.SdkClientException" message="Unable to load credentials from system settings. Secret key must be specified either via environment variable (AWS_SECRET_ACCESS_KEY) or system property (aws.secretAccessKey).">
      <![CDATA[software.amazon.awssdk.core.exception.SdkClientException: Unable to load credentials from system settings. Secret key must be specified either via environment variable (AWS_SECRET_ACCESS_KEY) or system property (aws.secretAccessKey).
at software.amazon.awssdk.core.exception.SdkClientException$BuilderImpl.build(SdkClientException.java:97)
at software.amazon.awssdk.auth.credentials.internal.SystemSettingsCredentialsProvider.resolveCredentials(SystemSettingsCredentialsProvider.java:67)
at software.amazon.awssdk.awscore.client.handler.AwsClientHandlerUtils.createExecutionContext(AwsClientHandlerUtils.java:72)
at software.amazon.awssdk.awscore.client.handler.AwsSyncClientHandler.createExecutionContext(AwsSyncClientHandler.java:68)
at software.amazon.awssdk.core.internal.handler.BaseSyncClientHandler.execute(BaseSyncClientHandler.java:88)
at software.amazon.awssdk.core.client.handler.SdkSyncClientHandler.execute(SdkSyncClientHandler.java:45)
at software.amazon.awssdk.awscore.client.handler.AwsSyncClientHandler.execute(AwsSyncClientHandler.java:55)
at software.amazon.awssdk.services.devicefarm.DefaultDeviceFarmClient.createTestGridUrl(DefaultDeviceFarmClient.java:633)
at testing.TestNGBasics.setUp(TestNGBasics.java:33)
... Removed 33 stack frames]]>
    </failure>
  </testcase> <!-- @BeforeTest setUp -->
  <testcase classname="testing.TestNGBasics" name="@AfterTest tearDown" time="-1.618910336871E9">
    <skipped/>
  </testcase> <!-- @AfterTest tearDown -->
  <testcase classname="testing.TestNGBasics" name="userLogin" time="0.0">
    <skipped/>
  </testcase> <!-- userLogin -->
</testsuite> <!-- Command line test -->
